<?xml version="1.0" encoding="UTF-8" ?>
<testsuite failures="0" time="0.002" errors="0" skipped="0" tests="1" name="edu.rutgers.winlab.mfirst.storage.bdb.BDBGUIDBindingTest">
  <properties>
    <property name="java.runtime.name" value="Java(TM) SE Runtime Environment"/>
    <property name="sun.boot.library.path" value="/afs/csail.mit.edu/system/@sys/java/jdk1.6.0_06/jre/lib/amd64"/>
    <property name="java.vm.version" value="10.0-b22"/>
    <property name="java.vm.vendor" value="Sun Microsystems Inc."/>
    <property name="java.vendor.url" value="http://java.sun.com/"/>
    <property name="path.separator" value=":"/>
    <property name="guice.disable.misplaced.annotation.check" value="true"/>
    <property name="java.vm.name" value="Java HotSpot(TM) 64-Bit Server VM"/>
    <property name="file.encoding.pkg" value="sun.io"/>
    <property name="user.country" value="US"/>
    <property name="sun.java.launcher" value="SUN_STANDARD"/>
    <property name="sun.os.patch.level" value="unknown"/>
    <property name="java.vm.specification.name" value="Java Virtual Machine Specification"/>
    <property name="user.dir" value="/afs/csail.mit.edu/u/c/cyjing/mobilityFirst/mf2/gnrs/jserver"/>
    <property name="java.runtime.version" value="1.6.0_06-b02"/>
    <property name="java.awt.graphicsenv" value="sun.awt.X11GraphicsEnvironment"/>
    <property name="java.endorsed.dirs" value="/afs/csail.mit.edu/system/@sys/java/jdk1.6.0_06/jre/lib/endorsed"/>
    <property name="os.arch" value="amd64"/>
    <property name="java.io.tmpdir" value="/tmp"/>
    <property name="line.separator" value="
"/>
    <property name="java.vm.specification.vendor" value="Sun Microsystems Inc."/>
    <property name="os.name" value="Linux"/>
    <property name="classworlds.conf" value="/usr/share/maven/bin/m2.conf"/>
    <property name="sun.jnu.encoding" value="UTF-8"/>
    <property name="java.library.path" value="/afs/csail.mit.edu/system/@sys/java/jdk1.6.0_06/jre/lib/amd64/server:/afs/csail.mit.edu/system/@sys/java/jdk1.6.0_06/jre/lib/amd64:/afs/csail.mit.edu/system/@sys/java/jdk1.6.0_06/jre/../lib/amd64:/usr/local/lib:/afs/csail.mit.edu/u/c/cyjing/blackadder/lib/swig/java:/usr/java/packages/lib/amd64:/lib:/usr/lib"/>
    <property name="java.specification.name" value="Java Platform API Specification"/>
    <property name="java.class.version" value="50.0"/>
    <property name="sun.management.compiler" value="HotSpot 64-Bit Server Compiler"/>
    <property name="os.version" value="3.13.0-53-generic"/>
    <property name="user.home" value="/afs/csail.mit.edu/u/c/cyjing"/>
    <property name="user.timezone" value="America/New_York"/>
    <property name="java.awt.printerjob" value="sun.print.PSPrinterJob"/>
    <property name="file.encoding" value="UTF-8"/>
    <property name="java.specification.version" value="1.6"/>
    <property name="user.name" value="cyjing"/>
    <property name="java.class.path" value="/usr/share/maven/boot/plexus-classworlds-2.x.jar"/>
    <property name="java.vm.specification.version" value="1.0"/>
    <property name="sun.arch.data.model" value="64"/>
    <property name="java.home" value="/afs/csail.mit.edu/system/@sys/java/jdk1.6.0_06/jre"/>
    <property name="java.specification.vendor" value="Sun Microsystems Inc."/>
    <property name="user.language" value="en"/>
    <property name="java.vm.info" value="mixed mode"/>
    <property name="java.version" value="1.6.0_06"/>
    <property name="java.ext.dirs" value="/afs/csail.mit.edu/system/@sys/java/jdk1.6.0_06/jre/lib/ext:/usr/java/packages/lib/ext"/>
    <property name="securerandom.source" value="file:/dev/./urandom"/>
    <property name="sun.boot.class.path" value="/afs/csail.mit.edu/system/@sys/java/jdk1.6.0_06/jre/lib/resources.jar:/afs/csail.mit.edu/system/@sys/java/jdk1.6.0_06/jre/lib/rt.jar:/afs/csail.mit.edu/system/@sys/java/jdk1.6.0_06/jre/lib/sunrsasign.jar:/afs/csail.mit.edu/system/@sys/java/jdk1.6.0_06/jre/lib/jsse.jar:/afs/csail.mit.edu/system/@sys/java/jdk1.6.0_06/jre/lib/jce.jar:/afs/csail.mit.edu/system/@sys/java/jdk1.6.0_06/jre/lib/charsets.jar:/afs/csail.mit.edu/system/@sys/java/jdk1.6.0_06/jre/classes"/>
    <property name="java.vendor" value="Sun Microsystems Inc."/>
    <property name="maven.home" value="/usr/share/maven"/>
    <property name="file.separator" value="/"/>
    <property name="java.vendor.url.bug" value="http://java.sun.com/cgi-bin/bugreport.cgi"/>
    <property name="sun.cpu.endian" value="little"/>
    <property name="sun.io.unicode.encoding" value="UnicodeLittle"/>
    <property name="sun.cpu.isalist" value=""/>
  </properties>
  <testcase time="0" classname="edu.rutgers.winlab.mfirst.storage.bdb.BDBGUIDBindingTest" name="test"/>
</testsuite>